<?xml version="1.0" encoding="UTF-8"?>
<!-- Generated by org.testng.reporters.JUnitReportReporter -->
<testsuite skipped="0" hostname="Lenovo-PC" name="com.nopcommerce.testcases.TC_LoginTest_001" tests="1" failures="0" timestamp="2019-08-30T07:04:15 CDT" time="11.313" errors="0">
  <testcase name="LoginTest" time="11.313" classname="com.nopcommerce.testcases.TC_LoginTest_001"/>
</testsuite> <!-- com.nopcommerce.testcases.TC_LoginTest_001 -->
