<?xml version="1.0" encoding="UTF-8"?>
<!-- Generated by org.testng.reporters.JUnitReportReporter -->
<testsuite skipped="0" hostname="Lenovo-PC" name="com.nopcommerce.testcases.TC_AddCustomerTest_003" tests="1" failures="0" timestamp="2019-08-30T15:49:27 CDT" time="14.701" errors="0">
  <testcase name="addNewCustomer" time="14.701" classname="com.nopcommerce.testcases.TC_AddCustomerTest_003"/>
</testsuite> <!-- com.nopcommerce.testcases.TC_AddCustomerTest_003 -->
